CloudletId;CloudletLength;FinishTime;FinalExecTime
       264;          2000;      2.10;         2.00
       262;         10000;     10.10;        10.00
       263;         10000;     10.10;        10.00
       267;         10000;     10.10;        10.00
       268;         10000;     10.10;        10.00
       269;         10000;     10.10;        10.00
       270;         10000;     10.10;        10.00
       271;         10000;     10.10;        10.00
       272;         10000;     10.10;        10.00
       266;          1000;     11.10;         1.00
       275;          2000;     12.10;         2.00
       286;          2000;     13.10;         2.00
       265;          5000;     15.10;         5.00
       273;         10000;     20.10;        10.00
       274;         10000;     20.10;        10.00
       278;         10000;     20.10;        10.00
       279;         10000;     20.10;        10.00
       280;         10000;     20.10;        10.00
       281;         10000;     20.10;        10.00
       282;         10000;     20.10;        10.00
       283;         10000;     20.10;        10.00
       277;          1000;     21.10;         1.00
       284;         10000;     21.10;        10.00
       285;         10000;     21.10;        10.00
       289;         10000;     21.10;        10.00
       290;         10000;     21.10;        10.00
       291;         10000;     21.10;        10.00
       292;         10000;     21.10;        10.00
       293;         10000;     21.10;        10.00
       294;         10000;     21.10;        10.00
       288;          1000;     22.10;         1.00
       276;          5000;     25.10;         5.00
       287;          5000;     26.10;         5.00
       300;          2000;     52.90;         2.80
       369;          2000;     52.90;         2.80
       370;          2000;     52.90;         2.80
       371;          2000;     52.90;         2.80
       372;          2000;     52.90;         2.80
       373;          2000;     52.90;         2.80
       374;          2000;     52.90;         2.80
       375;          2000;     52.90;         2.80
       376;          2000;     52.90;         2.80
       377;          2000;     52.90;         2.80
       378;          2000;     52.90;         2.80
       379;          2000;     52.90;         2.80
       380;          2000;     52.90;         2.80
       381;          2000;     52.90;         2.80
       382;          2000;     52.90;         2.80
       383;          2000;     52.90;         2.80
       384;          2000;     52.90;         2.80
       385;          2000;     52.90;         2.80
       386;          2000;     52.90;         2.80
       387;          2000;     52.90;         2.80
       388;          2000;     52.90;         2.80
       389;          2000;     52.90;         2.80
       390;          2000;     52.90;         2.80
       391;          2000;     52.90;         2.80
       392;          2000;     52.90;         2.80
       393;          2000;     52.90;         2.80
       394;          2000;     52.90;         2.80
       395;          2000;     52.90;         2.80
       396;          2000;     52.90;         2.80
       397;          2000;     52.90;         2.80
       295;         10000;     60.10;        10.00
       296;         10000;     60.10;        10.00
       297;         10000;     60.10;        10.00
       298;         10000;     60.10;        10.00
       299;         10000;     60.10;        10.00
       304;         10000;     60.10;        10.00
       305;         10000;     60.10;        10.00
       306;         10000;     60.10;        10.00
       307;         10000;     60.10;        10.00
       308;         10000;     60.10;        10.00
       309;         10000;     60.10;        10.00
       310;         10000;     60.10;        10.00
       311;         10000;     60.10;        10.00
       312;         10000;     60.10;        10.00
       313;         10000;     60.10;        10.00
       314;         10000;     60.10;        10.00
       315;         10000;     60.10;        10.00
       316;         10000;     60.10;        10.00
       317;         10000;     60.10;        10.00
       318;         10000;     60.10;        10.00
       319;         10000;     60.10;        10.00
       320;         10000;     60.10;        10.00
       321;         10000;     60.10;        10.00
       322;         10000;     60.10;        10.00
       323;         10000;     60.10;        10.00
       324;         10000;     60.10;        10.00
       325;         10000;     60.10;        10.00
       326;         10000;     60.10;        10.00
       327;         10000;     60.10;        10.00
       328;         10000;     60.10;        10.00
       329;         10000;     60.10;        10.00
       330;         10000;     60.10;        10.00
       331;         10000;     60.10;        10.00
       332;         10000;     60.10;        10.00
       333;         10000;     60.10;        10.00
       334;         10000;     60.10;        10.00
       335;         10000;     60.10;        10.00
       336;         10000;     60.10;        10.00
       337;         10000;     60.10;        10.00
       338;         10000;     60.10;        10.00
       339;         10000;     60.10;        10.00
       340;         10000;     60.10;        10.00
       341;         10000;     60.10;        10.00
       342;         10000;     60.10;        10.00
       343;         10000;     60.10;        10.00
       344;         10000;     60.10;        10.00
       345;         10000;     60.10;        10.00
       346;         10000;     60.10;        10.00
       347;         10000;     60.10;        10.00
       348;         10000;     60.10;        10.00
       349;         10000;     60.10;        10.00
       350;         10000;     60.10;        10.00
       351;         10000;     60.10;        10.00
       352;         10000;     60.10;        10.00
       353;         10000;     60.10;        10.00
       354;         10000;     60.10;        10.00
       355;         10000;     60.10;        10.00
       356;         10000;     60.10;        10.00
       357;         10000;     60.10;        10.00
       358;         10000;     60.10;        10.00
       359;         10000;     60.10;        10.00
       360;         10000;     60.10;        10.00
       361;         10000;     60.10;        10.00
       362;         10000;     60.10;        10.00
       363;         10000;     60.10;        10.00
       364;         10000;     60.10;        10.00
       365;         10000;     60.10;        10.00
       366;         10000;     60.10;        10.00
       367;         10000;     60.10;        10.00
       368;         10000;     60.10;        10.00
       302;          1000;     61.10;         1.00
       303;          1000;     61.10;         1.00
       301;          5000;     65.10;         5.00
       400;          2000;    202.90;         2.80
       398;         10000;    210.10;        10.00
       399;         10000;    210.10;        10.00
       403;         10000;    210.10;        10.00
       404;         10000;    210.10;        10.00
       405;         10000;    210.10;        10.00
       406;         10000;    210.10;        10.00
       407;         10000;    210.10;        10.00
       408;         10000;    210.10;        10.00
       402;          1000;    211.10;         1.00
       483;          2000;    212.10;         2.00
       484;          2000;    212.10;         2.00
       485;          2000;    212.10;         2.00
       486;          2000;    212.10;         2.00
       487;          2000;    212.10;         2.00
       488;          2000;    212.10;         2.00
       489;          2000;    212.10;         2.00
       490;          2000;    212.10;         2.00
       491;          2000;    212.10;         2.00
       492;          2000;    212.10;         2.00
       493;          2000;    212.10;         2.00
       494;          2000;    212.10;         2.00
       495;          2000;    212.10;         2.00
       496;          2000;    212.10;         2.00
       497;          2000;    212.10;         2.00
       498;          2000;    212.10;         2.00
       499;          2000;    212.10;         2.00
       500;          2000;    212.10;         2.00
       501;          2000;    212.10;         2.00
       502;          2000;    212.10;         2.00
       503;          2000;    212.10;         2.00
       504;          2000;    212.10;         2.00
       505;          2000;    212.10;         2.00
       506;          2000;    212.10;         2.00
       507;          2000;    212.10;         2.00
       508;          2000;    212.10;         2.00
       509;          2000;    212.10;         2.00
       510;          2000;    212.10;         2.00
       511;          2000;    212.10;         2.00
       414;          2000;    212.10;         2.00
       514;          2000;    213.10;         2.00
       401;          5000;    215.10;         5.00
       476;         10000;    220.10;        10.00
       477;         10000;    220.10;        10.00
       478;         10000;    220.10;        10.00
       479;         10000;    220.10;        10.00
       480;         10000;    220.10;        10.00
       481;         10000;    220.10;        10.00
       482;         10000;    220.10;        10.00
       409;         10000;    220.10;        10.00
       410;         10000;    220.10;        10.00
       411;         10000;    220.10;        10.00
       412;         10000;    220.10;        10.00
       413;         10000;    220.10;        10.00
       418;         10000;    220.10;        10.00
       419;         10000;    220.10;        10.00
       420;         10000;    220.10;        10.00
       421;         10000;    220.10;        10.00
       422;         10000;    220.10;        10.00
       423;         10000;    220.10;        10.00
       424;         10000;    220.10;        10.00
       425;         10000;    220.10;        10.00
       426;         10000;    220.10;        10.00
       427;         10000;    220.10;        10.00
       428;         10000;    220.10;        10.00
       429;         10000;    220.10;        10.00
       430;         10000;    220.10;        10.00
       431;         10000;    220.10;        10.00
       432;         10000;    220.10;        10.00
       433;         10000;    220.10;        10.00
       434;         10000;    220.10;        10.00
       435;         10000;    220.10;        10.00
       436;         10000;    220.10;        10.00
       437;         10000;    220.10;        10.00
       438;         10000;    220.10;        10.00
       439;         10000;    220.10;        10.00
       440;         10000;    220.10;        10.00
       441;         10000;    220.10;        10.00
       442;         10000;    220.10;        10.00
       443;         10000;    220.10;        10.00
       444;         10000;    220.10;        10.00
       445;         10000;    220.10;        10.00
       446;         10000;    220.10;        10.00
       447;         10000;    220.10;        10.00
       448;         10000;    220.10;        10.00
       449;         10000;    220.10;        10.00
       450;         10000;    220.10;        10.00
       451;         10000;    220.10;        10.00
       452;         10000;    220.10;        10.00
       453;         10000;    220.10;        10.00
       454;         10000;    220.10;        10.00
       455;         10000;    220.10;        10.00
       456;         10000;    220.10;        10.00
       457;         10000;    220.10;        10.00
       458;         10000;    220.10;        10.00
       459;         10000;    220.10;        10.00
       460;         10000;    220.10;        10.00
       461;         10000;    220.10;        10.00
       462;         10000;    220.10;        10.00
       463;         10000;    220.10;        10.00
       464;         10000;    220.10;        10.00
       465;         10000;    220.10;        10.00
       466;         10000;    220.10;        10.00
       467;         10000;    220.10;        10.00
       468;         10000;    220.10;        10.00
       469;         10000;    220.10;        10.00
       470;         10000;    220.10;        10.00
       471;         10000;    220.10;        10.00
       472;         10000;    220.10;        10.00
       473;         10000;    220.10;        10.00
       474;         10000;    220.10;        10.00
       475;         10000;    220.10;        10.00
       512;         10000;    221.10;        10.00
       513;         10000;    221.10;        10.00
       517;         10000;    221.10;        10.00
       518;         10000;    221.10;        10.00
       519;         10000;    221.10;        10.00
       520;         10000;    221.10;        10.00
       521;         10000;    221.10;        10.00
       522;         10000;    221.10;        10.00
       416;          1000;    221.10;         1.00
       417;          1000;    221.10;         1.00
       516;          1000;    222.10;         1.00
       415;          5000;    225.10;         5.00
       515;          5000;    226.10;         5.00
