      0.00	INFO	SessionId;AppVmId;ReadableStartTime; StartTime;FinishTime;  IdealEnd;     Delay;Complete
      0.00	INFO	      163;      2;    0:  0:  0:  0;      0.03;    406.00;    340.03;     65.98;    true
      0.00	INFO	      169;      2;    0:  0:  0:  0;      0.04;    406.00;    340.04;     65.97;    true
      0.00	INFO	       96;      2;    0:  0:  0:  0;      0.06;    406.00;    340.06;     65.94;    true
      0.00	INFO	      226;      2;    0:  0:  0:  0;      0.08;    406.00;    340.08;     65.92;    true
      0.00	INFO	       95;      2;    0:  0:  0:  0;      0.09;    406.00;    340.09;     65.92;    true
      0.00	INFO	      101;      2;    0:  0:  0:  0;      0.22;    406.00;    340.22;     65.79;    true
      0.00	INFO	        7;      2;    0:  0:  0:  0;      0.22;    406.00;    340.22;     65.78;    true
      0.00	INFO	       89;      2;    0:  0:  0:  0;      0.23;    406.00;    340.23;     65.77;    true
      0.00	INFO	      171;      2;    0:  0:  0:  0;      0.23;    406.00;    340.23;     65.77;    true
      0.00	INFO	       32;      2;    0:  0:  0:  0;      0.23;    406.00;    340.23;     65.77;    true
      0.00	INFO	       85;      2;    0:  0:  0:  0;      0.28;    406.00;    340.28;     65.73;    true
      0.00	INFO	       47;      2;    0:  0:  0:  0;      0.29;    406.00;    340.29;     65.72;    true
      0.00	INFO	      124;      2;    0:  0:  0:  0;      0.34;    406.00;    340.34;     65.66;    true
      0.00	INFO	      148;      2;    0:  0:  0:  0;      0.34;    406.00;    340.34;     65.66;    true
      0.00	INFO	      199;      2;    0:  0:  0:  0;      0.35;    406.00;    340.35;     65.66;    true
      0.00	INFO	      134;      2;    0:  0:  0:  0;      0.35;    406.00;    340.35;     65.65;    true
      0.00	INFO	      147;      2;    0:  0:  0:  0;      0.38;    406.00;    340.38;     65.62;    true
      0.00	INFO	      193;      2;    0:  0:  0:  0;      0.39;    406.00;    340.39;     65.61;    true
      0.00	INFO	      219;      2;    0:  0:  0:  0;      0.41;    406.00;    340.41;     65.59;    true
      0.00	INFO	       30;      2;    0:  0:  0:  0;      0.45;    406.00;    340.45;     65.55;    true
      0.00	INFO	       42;      2;    0:  0:  0:  0;      0.50;    406.00;    340.50;     65.50;    true
      0.00	INFO	      166;      2;    0:  0:  0:  0;      0.53;    406.00;    340.53;     65.47;    true
      0.00	INFO	       24;      2;    0:  0:  0:  0;      0.53;    406.00;    340.53;     65.47;    true
      0.00	INFO	       52;      2;    0:  0:  0:  0;      0.55;    406.00;    340.55;     65.46;    true
      0.00	INFO	       43;      2;    0:  0:  0:  0;      0.58;    406.00;    340.58;     65.42;    true
      0.00	INFO	      136;      2;    0:  0:  0:  0;      0.62;    406.00;    340.62;     65.39;    true
      0.00	INFO	       37;      2;    0:  0:  0:  0;      0.62;    406.00;    340.62;     65.38;    true
      0.00	INFO	      172;      2;    0:  0:  0:  0;      0.63;    406.00;    340.63;     65.37;    true
      0.00	INFO	       10;      2;    0:  0:  0:  0;      0.64;    406.00;    340.64;     65.36;    true
      0.00	INFO	       79;      2;    0:  0:  0:  0;      0.65;    406.00;    340.65;     65.35;    true
      0.00	INFO	      185;      2;    0:  0:  0:  0;      0.66;    406.00;    340.66;     65.34;    true
      0.00	INFO	      208;      2;    0:  0:  0:  0;      0.73;    406.00;    340.73;     65.27;    true
      0.00	INFO	        4;      2;    0:  0:  0:  0;      0.76;    406.00;    340.76;     65.25;    true
      0.00	INFO	      160;      2;    0:  0:  0:  0;      0.82;    406.00;    340.82;     65.18;    true
      0.00	INFO	      159;      2;    0:  0:  0:  0;      0.82;    406.00;    340.82;     65.18;    true
      0.00	INFO	      127;      2;    0:  0:  0:  0;      0.83;    406.00;    340.83;     65.17;    true
      0.00	INFO	       58;      2;    0:  0:  0:  0;      0.83;    406.00;    340.83;     65.17;    true
      0.00	INFO	      195;      2;    0:  0:  0:  0;      0.85;    406.00;    340.85;     65.15;    true
      0.00	INFO	      100;      2;    0:  0:  0:  0;      0.86;    406.00;    340.86;     65.14;    true
      0.00	INFO	      190;      2;    0:  0:  0:  0;      0.87;    406.00;    340.87;     65.13;    true
      0.00	INFO	      201;      2;    0:  0:  0:  0;      0.89;    406.00;    340.89;     65.11;    true
      0.00	INFO	       70;      2;    0:  0:  0:  0;      0.89;    406.00;    340.89;     65.11;    true
      0.00	INFO	      235;      2;    0:  0:  0:  0;      0.90;    406.00;    340.90;     65.10;    true
      0.00	INFO	      103;      2;    0:  0:  0:  0;      0.92;    406.00;    340.92;     65.08;    true
      0.00	INFO	       63;      2;    0:  0:  0:  0;      0.93;    406.00;    340.93;     65.07;    true
      0.00	INFO	      156;      2;    0:  0:  0:  0;      0.94;    406.00;    340.94;     65.06;    true
      0.00	INFO	       29;      2;    0:  0:  0:  0;      0.95;    406.00;    340.95;     65.05;    true
      0.00	INFO	      129;      2;    0:  0:  0:  0;      0.96;    406.00;    340.96;     65.04;    true
      0.00	INFO	      247;      2;    0:  0:  0:  0;      0.96;    406.00;    340.96;     65.04;    true
      0.00	INFO	      223;      2;    0:  0:  0:  0;      0.97;    406.00;    340.97;     65.03;    true
      0.00	INFO	      164;      2;    0:  0:  0:  0;      0.98;    406.00;    340.98;     65.02;    true
      0.00	INFO	       87;      2;    0:  0:  0:  1;      1.00;    406.00;    341.00;     65.00;    true
      0.00	INFO	       38;      2;    0:  0:  0:  1;      1.04;    406.00;    341.04;     64.96;    true
      0.00	INFO	      221;      2;    0:  0:  0:  1;      1.07;    406.00;    341.07;     64.94;    true
      0.00	INFO	      143;      2;    0:  0:  0:  1;      1.12;    406.00;    341.12;     64.88;    true
      0.00	INFO	       40;      2;    0:  0:  0:  1;      1.13;    406.00;    341.13;     64.87;    true
      0.00	INFO	      210;      2;    0:  0:  0:  1;      1.17;    406.00;    341.17;     64.83;    true
      0.00	INFO	      106;      2;    0:  0:  0:  1;      1.18;    406.00;    341.18;     64.82;    true
      0.00	INFO	      181;      2;    0:  0:  0:  1;      1.18;    406.00;    341.18;     64.82;    true
      0.00	INFO	      108;      2;    0:  0:  0:  1;      1.19;    406.00;    341.19;     64.82;    true
      0.00	INFO	       76;      2;    0:  0:  0:  1;      1.21;    406.00;    341.21;     64.79;    true
      0.00	INFO	      154;      2;    0:  0:  0:  1;      1.23;    406.00;    341.23;     64.77;    true
      0.00	INFO	      246;      2;    0:  0:  0:  1;      1.24;    406.00;    341.24;     64.76;    true
      0.00	INFO	      240;      2;    0:  0:  0:  1;      1.26;    406.00;    341.26;     64.74;    true
      0.00	INFO	        9;      2;    0:  0:  0:  1;      1.27;    406.00;    341.27;     64.73;    true
      0.00	INFO	      248;      2;    0:  0:  0:  1;      1.29;    406.00;    341.29;     64.72;    true
      0.00	INFO	      121;      2;    0:  0:  0:  1;      1.30;    406.00;    341.30;     64.70;    true
      0.00	INFO	       44;      2;    0:  0:  0:  1;      1.33;    406.00;    341.33;     64.67;    true
      0.00	INFO	      230;      2;    0:  0:  0:  1;      1.34;    406.00;    341.34;     64.67;    true
      0.00	INFO	       64;      2;    0:  0:  0:  1;      1.35;    406.00;    341.35;     64.66;    true
      0.00	INFO	      191;      2;    0:  0:  0:  1;      1.35;    406.00;    341.35;     64.65;    true
      0.00	INFO	      244;      2;    0:  0:  0:  1;      1.40;    406.00;    341.40;     64.60;    true
      0.00	INFO	      194;      2;    0:  0:  0:  1;      1.41;    406.00;    341.41;     64.60;    true
      0.00	INFO	       88;      2;    0:  0:  0:  1;      1.41;    406.00;    341.41;     64.59;    true
      0.00	INFO	       99;      2;    0:  0:  0:  1;      1.43;    406.00;    341.43;     64.57;    true
      0.00	INFO	      125;      2;    0:  0:  0:  1;      1.48;    406.00;    341.48;     64.52;    true
      0.00	INFO	      234;      2;    0:  0:  0:  1;      1.50;    406.00;    341.50;     64.50;    true
      0.00	INFO	      153;      2;    0:  0:  0:  1;      1.51;    406.00;    341.51;     64.49;    true
      0.00	INFO	      241;      2;    0:  0:  0:  1;      1.53;    406.00;    341.53;     64.47;    true
      0.00	INFO	       93;      2;    0:  0:  0:  1;      1.57;    406.00;    341.57;     64.43;    true
      0.00	INFO	      251;      2;    0:  0:  0:  1;      1.58;    406.00;    341.58;     64.42;    true
      0.00	INFO	      162;      2;    0:  0:  0:  1;      1.59;    406.00;    341.59;     64.41;    true
      0.00	INFO	      112;      2;    0:  0:  0:  1;      1.62;    406.00;    341.62;     64.38;    true
      0.00	INFO	       45;      2;    0:  0:  0:  1;      1.63;    406.00;    341.63;     64.37;    true
      0.00	INFO	      227;      2;    0:  0:  0:  1;      1.63;    406.00;    341.63;     64.37;    true
      0.00	INFO	      249;      2;    0:  0:  0:  1;      1.65;    406.00;    341.65;     64.35;    true
      0.00	INFO	      158;      2;    0:  0:  0:  1;      1.69;    406.00;    341.69;     64.32;    true
      0.00	INFO	      236;      2;    0:  0:  0:  1;      1.72;    406.00;    341.72;     64.29;    true
      0.00	INFO	      205;      2;    0:  0:  0:  1;      1.76;    406.00;    341.76;     64.25;    true
      0.00	INFO	       91;      2;    0:  0:  0:  1;      1.80;    406.00;    341.80;     64.20;    true
      0.00	INFO	      238;      2;    0:  0:  0:  1;      1.81;    406.00;    341.81;     64.19;    true
      0.00	INFO	      123;      2;    0:  0:  0:  1;      1.84;    406.00;    341.84;     64.16;    true
      0.00	INFO	      242;      2;    0:  0:  0:  1;      1.84;    406.00;    341.84;     64.16;    true
      0.00	INFO	       39;      2;    0:  0:  0:  1;      1.85;    406.00;    341.85;     64.15;    true
      0.00	INFO	       16;      2;    0:  0:  0:  1;      1.86;    406.00;    341.86;     64.15;    true
      0.00	INFO	       54;      2;    0:  0:  0:  1;      1.86;    406.00;    341.86;     64.14;    true
      0.00	INFO	       35;      2;    0:  0:  0:  1;      1.88;    406.00;    341.88;     64.12;    true
      0.00	INFO	       84;      2;    0:  0:  0:  1;      1.90;    406.00;    341.90;     64.10;    true
      0.00	INFO	      130;      2;    0:  0:  0:  1;      1.90;    406.00;    341.90;     64.10;    true
      0.00	INFO	      252;      2;    0:  0:  0:  1;      1.91;    406.00;    341.91;     64.09;    true
      0.00	INFO	      225;      2;    0:  0:  0:  1;      1.95;    406.00;    341.95;     64.05;    true
      0.00	INFO	      109;      2;    0:  0:  0:  1;      1.97;    406.00;    341.97;     64.03;    true
      0.00	INFO	       31;      2;    0:  0:  0:  1;      1.99;    406.00;    341.99;     64.01;    true
      0.00	INFO	      170;      2;    0:  0:  0:  2;      2.07;    406.00;    342.07;     63.93;    true
      0.00	INFO	      177;      2;    0:  0:  0:  2;      2.08;    406.00;    342.08;     63.92;    true
      0.00	INFO	      207;      2;    0:  0:  0:  2;      2.14;    406.00;    342.14;     63.87;    true
      0.00	INFO	       77;      2;    0:  0:  0:  2;      2.14;    406.00;    342.14;     63.87;    true
      0.00	INFO	      250;      2;    0:  0:  0:  2;      2.20;    406.00;    342.20;     63.80;    true
      0.00	INFO	      184;      2;    0:  0:  0:  2;      2.21;    406.00;    342.21;     63.79;    true
      0.00	INFO	      212;      2;    0:  0:  0:  2;      2.22;    406.00;    342.22;     63.78;    true
      0.00	INFO	       20;      2;    0:  0:  0:  2;      2.24;    406.00;    342.24;     63.76;    true
      0.00	INFO	      105;      2;    0:  0:  0:  2;      2.26;    406.00;    342.26;     63.74;    true
      0.00	INFO	      117;      2;    0:  0:  0:  2;      2.26;    406.00;    342.26;     63.74;    true
      0.00	INFO	      182;      2;    0:  0:  0:  2;      2.27;    406.00;    342.27;     63.73;    true
      0.00	INFO	      141;      2;    0:  0:  0:  2;      2.28;    406.00;    342.28;     63.73;    true
      0.00	INFO	       49;      2;    0:  0:  0:  2;      2.28;    406.00;    342.28;     63.72;    true
      0.00	INFO	      198;      2;    0:  0:  0:  2;      2.35;    406.00;    342.35;     63.65;    true
      0.00	INFO	       15;      2;    0:  0:  0:  2;      2.37;    406.00;    342.37;     63.64;    true
      0.00	INFO	        8;      2;    0:  0:  0:  2;      2.37;    406.00;    342.37;     63.63;    true
      0.00	INFO	       78;      2;    0:  0:  0:  2;      2.38;    406.00;    342.38;     63.62;    true
      0.00	INFO	       56;      2;    0:  0:  0:  2;      2.41;    406.00;    342.41;     63.59;    true
      0.00	INFO	      243;      2;    0:  0:  0:  2;      2.42;    406.00;    342.42;     63.58;    true
      0.00	INFO	      142;      2;    0:  0:  0:  2;      2.43;    406.00;    342.43;     63.57;    true
      0.00	INFO	       97;      2;    0:  0:  0:  2;      2.44;    406.00;    342.44;     63.57;    true
      0.00	INFO	      196;      2;    0:  0:  0:  2;      2.45;    406.00;    342.45;     63.56;    true
      0.00	INFO	      104;      2;    0:  0:  0:  2;      2.49;    406.00;    342.49;     63.51;    true
      0.00	INFO	      102;      2;    0:  0:  0:  2;      2.49;    406.00;    342.49;     63.51;    true
      0.00	INFO	      139;      2;    0:  0:  0:  2;      2.49;    406.00;    342.49;     63.51;    true
      0.00	INFO	       18;      2;    0:  0:  0:  2;      2.51;    406.00;    342.51;     63.50;    true
      0.00	INFO	      116;      2;    0:  0:  0:  2;      2.52;    406.00;    342.52;     63.49;    true
      0.00	INFO	       59;      2;    0:  0:  0:  2;      2.55;    406.00;    342.55;     63.45;    true
      0.00	INFO	      161;      2;    0:  0:  0:  2;      2.55;    406.00;    342.55;     63.45;    true
      0.00	INFO	       46;      2;    0:  0:  0:  2;      2.60;    406.00;    342.60;     63.41;    true
      0.00	INFO	      237;      2;    0:  0:  0:  2;      2.63;    406.00;    342.63;     63.37;    true
      0.00	INFO	      188;      2;    0:  0:  0:  2;      2.63;    406.00;    342.63;     63.37;    true
      0.00	INFO	      174;      2;    0:  0:  0:  2;      2.70;    406.00;    342.70;     63.31;    true
      0.00	INFO	       68;      2;    0:  0:  0:  2;      2.70;    406.00;    342.70;     63.30;    true
      0.00	INFO	      113;      2;    0:  0:  0:  2;      2.71;    406.00;    342.71;     63.29;    true
      0.00	INFO	      114;      2;    0:  0:  0:  2;      2.74;    406.00;    342.74;     63.27;    true
      0.00	INFO	      173;      2;    0:  0:  0:  2;      2.76;    406.00;    342.76;     63.25;    true
      0.00	INFO	      187;      2;    0:  0:  0:  2;      2.81;    406.00;    342.81;     63.19;    true
      0.00	INFO	       75;      2;    0:  0:  0:  2;      2.82;    406.00;    342.82;     63.18;    true
      0.00	INFO	       98;      2;    0:  0:  0:  2;      2.85;    406.00;    342.85;     63.16;    true
      0.00	INFO	       65;      2;    0:  0:  0:  2;      2.86;    406.00;    342.86;     63.14;    true
      0.00	INFO	      200;      2;    0:  0:  0:  2;      2.89;    406.00;    342.89;     63.12;    true
      0.00	INFO	      213;      2;    0:  0:  0:  3;      3.01;    406.00;    343.01;     63.00;    true
      0.00	INFO	      140;      2;    0:  0:  0:  3;      3.02;    406.00;    343.02;     62.98;    true
      0.00	INFO	      145;      2;    0:  0:  0:  3;      3.03;    406.00;    343.03;     62.97;    true
      0.00	INFO	      138;      2;    0:  0:  0:  3;      3.09;    406.00;    343.09;     62.91;    true
      0.00	INFO	      229;      2;    0:  0:  0:  3;      3.09;    406.00;    343.09;     62.91;    true
      0.00	INFO	       34;      2;    0:  0:  0:  3;      3.11;    406.00;    343.11;     62.90;    true
      0.00	INFO	       57;      2;    0:  0:  0:  3;      3.14;    406.00;    343.14;     62.86;    true
      0.00	INFO	      218;      2;    0:  0:  0:  3;      3.17;    406.00;    343.17;     62.84;    true
      0.00	INFO	       33;      2;    0:  0:  0:  3;      3.17;    406.00;    343.17;     62.83;    true
      0.00	INFO	       41;      2;    0:  0:  0:  3;      3.19;    406.00;    343.19;     62.81;    true
      0.00	INFO	      228;      2;    0:  0:  0:  3;      3.20;    406.00;    343.20;     62.80;    true
      0.00	INFO	      222;      2;    0:  0:  0:  3;      3.20;    406.00;    343.20;     62.80;    true
      0.00	INFO	      168;      2;    0:  0:  0:  3;      3.25;    406.00;    343.25;     62.76;    true
      0.00	INFO	       27;      2;    0:  0:  0:  3;      3.28;    406.00;    343.28;     62.72;    true
      0.00	INFO	       11;      2;    0:  0:  0:  3;      3.28;    406.00;    343.28;     62.72;    true
      0.00	INFO	      216;      2;    0:  0:  0:  3;      3.29;    406.00;    343.29;     62.72;    true
      0.00	INFO	       17;      2;    0:  0:  0:  3;      3.32;    406.00;    343.32;     62.68;    true
      0.00	INFO	      189;      2;    0:  0:  0:  3;      3.33;    406.00;    343.33;     62.67;    true
      0.00	INFO	      175;      2;    0:  0:  0:  3;      3.39;    406.00;    343.39;     62.62;    true
      0.00	INFO	       26;      2;    0:  0:  0:  3;      3.41;    406.00;    343.41;     62.60;    true
      0.00	INFO	       90;      2;    0:  0:  0:  3;      3.46;    406.00;    343.46;     62.54;    true
      0.00	INFO	      202;      2;    0:  0:  0:  3;      3.47;    406.00;    343.47;     62.53;    true
      0.00	INFO	      178;      2;    0:  0:  0:  3;      3.48;    406.00;    343.48;     62.52;    true
      0.00	INFO	       80;      2;    0:  0:  0:  3;      3.48;    406.00;    343.48;     62.52;    true
      0.00	INFO	      239;      2;    0:  0:  0:  3;      3.49;    406.00;    343.49;     62.52;    true
      0.00	INFO	      233;      2;    0:  0:  0:  3;      3.50;    406.00;    343.50;     62.50;    true
      0.00	INFO	      209;      2;    0:  0:  0:  3;      3.52;    406.00;    343.52;     62.49;    true
      0.00	INFO	      231;      2;    0:  0:  0:  3;      3.52;    406.00;    343.52;     62.48;    true
      0.00	INFO	      126;      2;    0:  0:  0:  3;      3.54;    406.00;    343.54;     62.46;    true
      0.00	INFO	      220;      2;    0:  0:  0:  3;      3.55;    406.00;    343.55;     62.46;    true
      0.00	INFO	      204;      2;    0:  0:  0:  3;      3.55;    406.00;    343.55;     62.45;    true
      0.00	INFO	       86;      2;    0:  0:  0:  3;      3.56;    406.00;    343.56;     62.45;    true
      0.00	INFO	      107;      2;    0:  0:  0:  3;      3.56;    406.00;    343.56;     62.44;    true
      0.00	INFO	      135;      2;    0:  0:  0:  3;      3.56;    406.00;    343.56;     62.44;    true
      0.00	INFO	      110;      2;    0:  0:  0:  3;      3.60;    406.00;    343.60;     62.40;    true
      0.00	INFO	      118;      2;    0:  0:  0:  3;      3.61;    406.00;    343.61;     62.40;    true
      0.00	INFO	       69;      2;    0:  0:  0:  3;      3.61;    406.00;    343.61;     62.39;    true
      0.00	INFO	      211;      2;    0:  0:  0:  3;      3.61;    406.00;    343.61;     62.39;    true
      0.00	INFO	       74;      2;    0:  0:  0:  3;      3.65;    406.00;    343.65;     62.35;    true
      0.00	INFO	       14;      2;    0:  0:  0:  3;      3.68;    406.00;    343.68;     62.32;    true
      0.00	INFO	       83;      2;    0:  0:  0:  3;      3.70;    406.00;    343.70;     62.30;    true
      0.00	INFO	      192;      2;    0:  0:  0:  3;      3.71;    406.00;    343.71;     62.30;    true
      0.00	INFO	      137;      2;    0:  0:  0:  3;      3.72;    406.00;    343.72;     62.28;    true
      0.00	INFO	      149;      2;    0:  0:  0:  3;      3.72;    406.00;    343.72;     62.28;    true
      0.00	INFO	      144;      2;    0:  0:  0:  3;      3.73;    406.00;    343.73;     62.28;    true
      0.00	INFO	      150;      2;    0:  0:  0:  3;      3.73;    406.00;    343.73;     62.27;    true
      0.00	INFO	       28;      2;    0:  0:  0:  3;      3.77;    406.00;    343.77;     62.23;    true
      0.00	INFO	      152;      2;    0:  0:  0:  3;      3.79;    406.00;    343.79;     62.21;    true
      0.00	INFO	      133;      2;    0:  0:  0:  3;      3.82;    406.00;    343.82;     62.19;    true
      0.00	INFO	      232;      2;    0:  0:  0:  3;      3.83;    406.00;    343.83;     62.17;    true
      0.00	INFO	      180;      2;    0:  0:  0:  3;      3.88;    406.00;    343.88;     62.13;    true
      0.00	INFO	       53;      2;    0:  0:  0:  3;      3.91;    406.00;    343.91;     62.09;    true
      0.00	INFO	       67;      2;    0:  0:  0:  3;      3.93;    406.00;    343.93;     62.07;    true
      0.00	INFO	      157;      2;    0:  0:  0:  3;      3.99;    406.00;    343.99;     62.01;    true
      0.00	INFO	      214;      2;    0:  0:  0:  4;      4.00;    406.00;    344.00;     62.00;    true
      0.00	INFO	       13;      2;    0:  0:  0:  4;      4.00;    406.00;    344.00;     62.00;    true
      0.00	INFO	      176;      2;    0:  0:  0:  4;      4.06;    406.00;    344.06;     61.94;    true
      0.00	INFO	       21;      2;    0:  0:  0:  4;      4.07;    406.00;    344.07;     61.93;    true
      0.00	INFO	      128;      2;    0:  0:  0:  4;      4.07;    406.00;    344.07;     61.93;    true
      0.00	INFO	       61;      2;    0:  0:  0:  4;      4.09;    406.00;    344.09;     61.91;    true
      0.00	INFO	      206;      2;    0:  0:  0:  4;      4.11;    406.00;    344.11;     61.90;    true
      0.00	INFO	       72;      2;    0:  0:  0:  4;      4.19;    406.00;    344.19;     61.81;    true
      0.00	INFO	       73;      2;    0:  0:  0:  4;      4.19;    406.00;    344.19;     61.81;    true
      0.00	INFO	      203;      2;    0:  0:  0:  4;      4.20;    406.00;    344.20;     61.80;    true
      0.00	INFO	       94;      2;    0:  0:  0:  4;      4.21;    406.00;    344.21;     61.79;    true
      0.00	INFO	      146;      2;    0:  0:  0:  4;      4.21;    406.00;    344.21;     61.79;    true
      0.00	INFO	      186;      2;    0:  0:  0:  4;      4.25;    406.00;    344.25;     61.75;    true
      0.00	INFO	      122;      2;    0:  0:  0:  4;      4.26;    406.00;    344.26;     61.74;    true
      0.00	INFO	       19;      2;    0:  0:  0:  4;      4.27;    406.00;    344.27;     61.74;    true
      0.00	INFO	      183;      2;    0:  0:  0:  4;      4.28;    406.00;    344.28;     61.72;    true
      0.00	INFO	      119;      2;    0:  0:  0:  4;      4.38;    406.00;    344.38;     61.62;    true
      0.00	INFO	       23;      2;    0:  0:  0:  4;      4.38;    406.00;    344.38;     61.62;    true
      0.00	INFO	      111;      2;    0:  0:  0:  4;      4.39;    406.00;    344.39;     61.61;    true
      0.00	INFO	      217;      2;    0:  0:  0:  4;      4.39;    406.00;    344.39;     61.61;    true
      0.00	INFO	       60;      2;    0:  0:  0:  4;      4.44;    406.00;    344.44;     61.56;    true
      0.00	INFO	      224;      2;    0:  0:  0:  4;      4.46;    406.00;    344.46;     61.54;    true
      0.00	INFO	      165;      2;    0:  0:  0:  4;      4.47;    406.00;    344.47;     61.53;    true
      0.00	INFO	        6;      2;    0:  0:  0:  4;      4.50;    406.00;    344.50;     61.50;    true
      0.00	INFO	       66;      2;    0:  0:  0:  4;      4.50;    406.00;    344.50;     61.50;    true
      0.00	INFO	      179;      2;    0:  0:  0:  4;      4.52;    406.00;    344.52;     61.48;    true
      0.00	INFO	       82;      2;    0:  0:  0:  4;      4.53;    406.00;    344.53;     61.47;    true
      0.00	INFO	       25;      2;    0:  0:  0:  4;      4.60;    406.00;    344.60;     61.40;    true
      0.00	INFO	       48;      2;    0:  0:  0:  4;      4.61;    406.00;    344.61;     61.39;    true
      0.00	INFO	       81;      2;    0:  0:  0:  4;      4.62;    406.00;    344.62;     61.38;    true
      0.00	INFO	       12;      2;    0:  0:  0:  4;      4.64;    406.00;    344.64;     61.36;    true
      0.00	INFO	       50;      2;    0:  0:  0:  4;      4.67;    406.00;    344.67;     61.33;    true
      0.00	INFO	       36;      2;    0:  0:  0:  4;      4.69;    406.00;    344.69;     61.31;    true
      0.00	INFO	      167;      2;    0:  0:  0:  4;      4.69;    406.00;    344.69;     61.31;    true
      0.00	INFO	      131;      2;    0:  0:  0:  4;      4.77;    406.00;    344.77;     61.23;    true
      0.00	INFO	       51;      2;    0:  0:  0:  4;      4.78;    406.00;    344.78;     61.22;    true
      0.00	INFO	        5;      2;    0:  0:  0:  4;      4.79;    406.00;    344.79;     61.22;    true
      0.00	INFO	      215;      2;    0:  0:  0:  4;      4.80;    406.00;    344.80;     61.21;    true
      0.00	INFO	      245;      2;    0:  0:  0:  4;      4.83;    406.00;    344.83;     61.18;    true
      0.00	INFO	       22;      2;    0:  0:  0:  4;      4.85;    406.00;    344.85;     61.15;    true
      0.00	INFO	      115;      2;    0:  0:  0:  4;      4.86;    406.00;    344.86;     61.14;    true
      0.00	INFO	      120;      2;    0:  0:  0:  4;      4.90;    406.00;    344.90;     61.10;    true
      0.00	INFO	       55;      2;    0:  0:  0:  4;      4.91;    406.00;    344.91;     61.09;    true
      0.00	INFO	        3;      2;    0:  0:  0:  4;      4.91;    406.00;    344.91;     61.09;    true
      0.00	INFO	      132;      2;    0:  0:  0:  4;      4.92;    406.00;    344.92;     61.08;    true
      0.00	INFO	       92;      2;    0:  0:  0:  4;      4.94;    406.00;    344.94;     61.06;    true
      0.00	INFO	      197;      2;    0:  0:  0:  4;      4.96;    406.00;    344.96;     61.04;    true
      0.00	INFO	      155;      2;    0:  0:  0:  4;      4.96;    406.00;    344.96;     61.04;    true
      0.00	INFO	       62;      2;    0:  0:  0:  4;      4.98;    406.00;    344.98;     61.03;    true
      0.00	INFO	      151;      2;    0:  0:  0:  4;      4.99;    406.00;    344.99;     61.02;    true
      0.00	INFO	       71;      2;    0:  0:  0:  4;      4.99;    406.00;    344.99;     61.01;    true
